# JRE version: Java(TM) SE Runtime Environment (8.0_211-b12) (build 1.8.0_211-b12)
# Java VM: Java HotSpot(TM) 64-Bit Server VM (25.211-b12 mixed mode windows-amd64 compressed oops)
Heap:
 PSYoungGen      total 105472K, used 49437K [0x00000000d5f00000, 0x00000000df300000, 0x0000000100000000)
  eden space 96256K, 41% used [0x00000000d5f00000,0x00000000d8648f88,0x00000000dbd00000)
  from space 9216K, 99% used [0x00000000dea00000,0x00000000df2fe6e8,0x00000000df300000)
  to   space 12288K, 0% used [0x00000000ddb00000,0x00000000ddb00000,0x00000000de700000)
 ParOldGen       total 67072K, used 13423K [0x0000000081c00000, 0x0000000085d80000, 0x00000000d5f00000)
  object space 67072K, 20% used [0x0000000081c00000,0x000000008291bc38,0x0000000085d80000)
 Metaspace       used 28644K, capacity 29156K, committed 29440K, reserved 1075200K
  class space    used 3375K, capacity 3544K, committed 3584K, reserved 1048576K
GC Heap History (10 events):
Event: 1.520 GC heap before
{Heap before GC invocations=3 (full 0):
 PSYoungGen      total 38400K, used 38372K [0x00000000d5f00000, 0x00000000daa00000, 0x0000000100000000)
  eden space 33280K, 100% used [0x00000000d5f00000,0x00000000d7f80000,0x00000000d7f80000)
  from space 5120K, 99% used [0x00000000d8480000,0x00000000d8979280,0x00000000d8980000)
  to   space 5120K, 0% used [0x00000000d7f80000,0x00000000d7f80000,0x00000000d8480000)
 ParOldGen       total 87552K, used 2413K [0x0000000081c00000, 0x0000000087180000, 0x00000000d5f00000)
  object space 87552K, 2% used [0x0000000081c00000,0x0000000081e5b6e8,0x0000000087180000)
 Metaspace       used 15553K, capacity 15848K, committed 16128K, reserved 1062912K
  class space    used 1904K, capacity 2006K, committed 2048K, reserved 1048576K
Event: 1.526 GC heap after
Heap after GC invocations=3 (full 0):
 PSYoungGen      total 38400K, used 5091K [0x00000000d5f00000, 0x00000000daa00000, 0x0000000100000000)
  eden space 33280K, 0% used [0x00000000d5f00000,0x00000000d5f00000,0x00000000d7f80000)
  from space 5120K, 99% used [0x00000000d7f80000,0x00000000d8478c78,0x00000000d8480000)
  to   space 5120K, 0% used [0x00000000da500000,0x00000000da500000,0x00000000daa00000)
 ParOldGen       total 87552K, used 5327K [0x0000000081c00000, 0x0000000087180000, 0x00000000d5f00000)
  object space 87552K, 6% used [0x0000000081c00000,0x0000000082133fd8,0x0000000087180000)
 Metaspace       used 15553K, capacity 15848K, committed 16128K, reserved 1062912K
  class space    used 1904K, capacity 2006K, committed 2048K, reserved 1048576K
}
Event: 1.874 GC heap before
{Heap before GC invocations=4 (full 0):
 PSYoungGen      total 38400K, used 38371K [0x00000000d5f00000, 0x00000000daa00000, 0x0000000100000000)
  eden space 33280K, 100% used [0x00000000d5f00000,0x00000000d7f80000,0x00000000d7f80000)
  from space 5120K, 99% used [0x00000000d7f80000,0x00000000d8478c78,0x00000000d8480000)
  to   space 5120K, 0% used [0x00000000da500000,0x00000000da500000,0x00000000daa00000)
 ParOldGen       total 87552K, used 5327K [0x0000000081c00000, 0x0000000087180000, 0x00000000d5f00000)
  object space 87552K, 6% used [0x0000000081c00000,0x0000000082133fd8,0x0000000087180000)
 Metaspace       used 16697K, capacity 17016K, committed 17280K, reserved 1064960K
  class space    used 2022K, capacity 2114K, committed 2176K, reserved 1048576K
Event: 1.881 GC heap after
Heap after GC invocations=4 (full 0):
 PSYoungGen      total 71680K, used 5088K [0x00000000d5f00000, 0x00000000daa00000, 0x0000000100000000)
  eden space 66560K, 0% used [0x00000000d5f00000,0x00000000d5f00000,0x00000000da000000)
  from space 5120K, 99% used [0x00000000da500000,0x00000000da9f8050,0x00000000daa00000)
  to   space 5120K, 0% used [0x00000000da000000,0x00000000da000000,0x00000000da500000)
 ParOldGen       total 87552K, used 8134K [0x0000000081c00000, 0x0000000087180000, 0x00000000d5f00000)
  object space 87552K, 9% used [0x0000000081c00000,0x00000000823f18c0,0x0000000087180000)
 Metaspace       used 16697K, capacity 17016K, committed 17280K, reserved 1064960K
  class space    used 2022K, capacity 2114K, committed 2176K, reserved 1048576K
}
Event: 2.277 GC heap before
{Heap before GC invocations=5 (full 0):
 PSYoungGen      total 71680K, used 47773K [0x00000000d5f00000, 0x00000000daa00000, 0x0000000100000000)
  eden space 66560K, 64% used [0x00000000d5f00000,0x00000000d88af3f8,0x00000000da000000)
  from space 5120K, 99% used [0x00000000da500000,0x00000000da9f8050,0x00000000daa00000)
  to   space 5120K, 0% used [0x00000000da000000,0x00000000da000000,0x00000000da500000)
 ParOldGen       total 87552K, used 8134K [0x0000000081c00000, 0x0000000087180000, 0x00000000d5f00000)
  object space 87552K, 9% used [0x0000000081c00000,0x00000000823f18c0,0x0000000087180000)
 Metaspace       used 20783K, capacity 21186K, committed 21296K, reserved 1069056K
  class space    used 2544K, capacity 2675K, committed 2688K, reserved 1048576K
Event: 2.285 GC heap after
Heap after GC invocations=5 (full 0):
 PSYoungGen      total 71680K, used 5088K [0x00000000d5f00000, 0x00000000df300000, 0x0000000100000000)
  eden space 66560K, 0% used [0x00000000d5f00000,0x00000000d5f00000,0x00000000da000000)
  from space 5120K, 99% used [0x00000000da000000,0x00000000da4f8050,0x00000000da500000)
  to   space 9216K, 0% used [0x00000000dea00000,0x00000000dea00000,0x00000000df300000)
 ParOldGen       total 87552K, used 10912K [0x0000000081c00000, 0x0000000087180000, 0x00000000d5f00000)
  object space 87552K, 12% used [0x0000000081c00000,0x00000000826a8038,0x0000000087180000)
 Metaspace       used 20783K, capacity 21186K, committed 21296K, reserved 1069056K
  class space    used 2544K, capacity 2675K, committed 2688K, reserved 1048576K
}
Event: 2.285 GC heap before
{Heap before GC invocations=6 (full 1):
 PSYoungGen      total 71680K, used 5088K [0x00000000d5f00000, 0x00000000df300000, 0x0000000100000000)
  eden space 66560K, 0% used [0x00000000d5f00000,0x00000000d5f00000,0x00000000da000000)
  from space 5120K, 99% used [0x00000000da000000,0x00000000da4f8050,0x00000000da500000)
  to   space 9216K, 0% used [0x00000000dea00000,0x00000000dea00000,0x00000000df300000)
 ParOldGen       total 87552K, used 10912K [0x0000000081c00000, 0x0000000087180000, 0x00000000d5f00000)
  object space 87552K, 12% used [0x0000000081c00000,0x00000000826a8038,0x0000000087180000)
 Metaspace       used 20783K, capacity 21186K, committed 21296K, reserved 1069056K
  class space    used 2544K, capacity 2675K, committed 2688K, reserved 1048576K
Event: 2.328 GC heap after
Heap after GC invocations=6 (full 1):
 PSYoungGen      total 71680K, used 0K [0x00000000d5f00000, 0x00000000df300000, 0x0000000100000000)
  eden space 66560K, 0% used [0x00000000d5f00000,0x00000000d5f00000,0x00000000da000000)
  from space 5120K, 0% used [0x00000000da000000,0x00000000da000000,0x00000000da500000)
  to   space 9216K, 0% used [0x00000000dea00000,0x00000000dea00000,0x00000000df300000)
 ParOldGen       total 67072K, used 10077K [0x0000000081c00000, 0x0000000085d80000, 0x00000000d5f00000)
  object space 67072K, 15% used [0x0000000081c00000,0x00000000825d76d0,0x0000000085d80000)
 Metaspace       used 20783K, capacity 21186K, committed 21296K, reserved 1069056K
  class space    used 2544K, capacity 2675K, committed 2688K, reserved 1048576K
}
Event: 3.022 GC heap before
{Heap before GC invocations=7 (full 1):
 PSYoungGen      total 71680K, used 66560K [0x00000000d5f00000, 0x00000000df300000, 0x0000000100000000)
  eden space 66560K, 100% used [0x00000000d5f00000,0x00000000da000000,0x00000000da000000)
  from space 5120K, 0% used [0x00000000da000000,0x00000000da000000,0x00000000da500000)
  to   space 9216K, 0% used [0x00000000dea00000,0x00000000dea00000,0x00000000df300000)
 ParOldGen       total 67072K, used 10077K [0x0000000081c00000, 0x0000000085d80000, 0x00000000d5f00000)
  object space 67072K, 15% used [0x0000000081c00000,0x00000000825d76d0,0x0000000085d80000)
 Metaspace       used 23500K, capacity 24084K, committed 24192K, reserved 1071104K
  class space    used 2781K, capacity 2941K, committed 2944K, reserved 1048576K
Event: 3.035 GC heap after
Heap after GC invocations=7 (full 1):
 PSYoungGen      total 105472K, used 9209K [0x00000000d5f00000, 0x00000000df300000, 0x0000000100000000)
  eden space 96256K, 0% used [0x00000000d5f00000,0x00000000d5f00000,0x00000000dbd00000)
  from space 9216K, 99% used [0x00000000dea00000,0x00000000df2fe6e8,0x00000000df300000)
  to   space 12288K, 0% used [0x00000000ddb00000,0x00000000ddb00000,0x00000000de700000)
 ParOldGen       total 67072K, used 13423K [0x0000000081c00000, 0x0000000085d80000, 0x00000000d5f00000)
  object space 67072K, 20% used [0x0000000081c00000,0x000000008291bc38,0x0000000085d80000)
 Metaspace       used 23500K, capacity 24084K, committed 24192K, reserved 1071104K
  class space    used 2781K, capacity 2941K, committed 2944K, reserved 1048576K
}

